<?xml version="1.0" encoding="UTF-8"?>
<testng-results skipped="1" failed="1" total="2" passed="0">
  <reporter-output>
    <line>
      <![CDATA[Called Function : [readPropertyFile] with parameters [filePath]=>.//config/env.properties]]>
    </line>
    <line>
      <![CDATA[Called Function : [readPropertyFile] with parameters [filePath]=>.//resources/testdata/insuranceAgent/testLogin.properties]]>
    </line>
    <line>
      <![CDATA[Called Function : [openURL] with parameters [URL]=>http://parabank.parasoft.com/parabank/index.htm]]>
    </line>
    <line>
      <![CDATA[Called Function : [configureDriver] with parameters [none]=>None]]>
    </line>
    <line>
      <![CDATA[Called Function : [readPropertyFile] with parameters [filePath]=>.//config/env.properties]]>
    </line>
    <line>
      <![CDATA[Called Function : [readPropertyFile] with parameters [filePath]=>.//resources/testdata/insuranceAgent/testLogin.properties]]>
    </line>
    <line>
      <![CDATA[Called Function : [openURL] with parameters [URL]=>http://parabank.parasoft.com/parabank/index.htm]]>
    </line>
    <line>
      <![CDATA[Called Function : [configureDriver] with parameters [none]=>None]]>
    </line>
    <line>
      <![CDATA[Called Function : [loginToApplication] with parameters [userName],[password]=>john,demo]]>
    </line>
    <line>
      <![CDATA[Called Function : [findElement] with parameters [elementLocator]=>By.name: username]]>
    </line>
    <line>
      <![CDATA[Called Function : [fluentWait] with parameters [locator]=>By.name: username]]>
    </line>
    <line>
      <![CDATA[Called Function : [isElementVisible] with parameters [locator]=>By.name: username]]>
    </line>
    <line>
      <![CDATA[Element has been Found]]>
    </line>
    <line>
      <![CDATA[Called Function : [findElement] with parameters [elementLocator]=>By.name: password]]>
    </line>
    <line>
      <![CDATA[Called Function : [fluentWait] with parameters [locator]=>By.name: password]]>
    </line>
    <line>
      <![CDATA[Called Function : [isElementVisible] with parameters [locator]=>By.name: password]]>
    </line>
    <line>
      <![CDATA[Element has been Found]]>
    </line>
    <line>
      <![CDATA[Called Function : [findElement] with parameters [elementLocator]=>By.className: button]]>
    </line>
    <line>
      <![CDATA[Called Function : [fluentWait] with parameters [locator]=>By.className: button]]>
    </line>
    <line>
      <![CDATA[Called Function : [isElementVisible] with parameters [locator]=>By.className: button]]>
    </line>
    <line>
      <![CDATA[Element has been Found]]>
    </line>
    <line>
      <![CDATA[Called Function : [closeCurrentBrowser]]]>
    </line>
    <line>
      <![CDATA[Called Function : [closeAllOpenBrowser]]]>
    </line>
    <line>
      <![CDATA[Called Function : [readPropertyFile] with parameters [filePath]=>.//config/env.properties]]>
    </line>
    <line>
      <![CDATA[Called Function : [readPropertyFile] with parameters [filePath]=>.//resources/testdata/insuranceAgent/testLogin.properties]]>
    </line>
    <line>
      <![CDATA[Called Function : [openURL] with parameters [URL]=>http://parabank.parasoft.com/parabank/index.htm]]>
    </line>
    <line>
      <![CDATA[Called Function : [configureDriver] with parameters [none]=>None]]>
    </line>
  </reporter-output>
  <suite name="Default suite" duration-ms="109201" started-at="2017-07-11T17:50:58Z" finished-at="2017-07-11T17:52:47Z">
    <groups>
    </groups>
    <test name="Default test" duration-ms="109201" started-at="2017-07-11T17:50:58Z" finished-at="2017-07-11T17:52:47Z">
      <class name="com.ui.test.testScripts.testLogin">
        <test-method status="PASS" signature="setUp()[pri:0, instance:com.ui.test.testScripts.testLogin@5419f379]" name="setUp" is-config="true" duration-ms="39342" started-at="2017-07-11T23:20:58Z" finished-at="2017-07-11T23:21:38Z">
          <reporter-output>
            <line>
              <![CDATA[Called Function : [readPropertyFile] with parameters [filePath]=>.//config/env.properties]]>
            </line>
            <line>
              <![CDATA[Called Function : [readPropertyFile] with parameters [filePath]=>.//resources/testdata/insuranceAgent/testLogin.properties]]>
            </line>
            <line>
              <![CDATA[Called Function : [openURL] with parameters [URL]=>http://parabank.parasoft.com/parabank/index.htm]]>
            </line>
            <line>
              <![CDATA[Called Function : [configureDriver] with parameters [none]=>None]]>
            </line>
          </reporter-output>
        </test-method> <!-- setUp -->
        <test-method status="PASS" signature="setUp()[pri:0, instance:com.ui.test.testScripts.testLogin@5419f379]" name="setUp" is-config="true" duration-ms="27960" started-at="2017-07-11T23:21:38Z" finished-at="2017-07-11T23:22:05Z">
          <reporter-output>
            <line>
              <![CDATA[Called Function : [readPropertyFile] with parameters [filePath]=>.//config/env.properties]]>
            </line>
            <line>
              <![CDATA[Called Function : [readPropertyFile] with parameters [filePath]=>.//resources/testdata/insuranceAgent/testLogin.properties]]>
            </line>
            <line>
              <![CDATA[Called Function : [openURL] with parameters [URL]=>http://parabank.parasoft.com/parabank/index.htm]]>
            </line>
            <line>
              <![CDATA[Called Function : [configureDriver] with parameters [none]=>None]]>
            </line>
          </reporter-output>
        </test-method> <!-- setUp -->
        <test-method status="FAIL" signature="testValidLogin()[pri:0, instance:com.ui.test.testScripts.testLogin@5419f379]" name="testValidLogin" duration-ms="40413" started-at="2017-07-11T23:22:05Z" description="To Test login functionality with Valid Username and Password" finished-at="2017-07-11T23:22:46Z">
          <exception class="org.openqa.selenium.TimeoutException">
            <message>
              <![CDATA[timeout
  (Session info: chrome=59.0.3071.115)
  (Driver info: chromedriver=2.29.461591 (62ebf098771772160f391d75e589dc567915b233),platform=Windows NT 10.0.14393 x86_64) (WARNING: The server did not provide any stacktrace information)
Command duration or timeout: 40.06 seconds
Build info: version: '2.46.0', revision: '87c69e2', time: '2015-06-04 16:17:10'
System info: host: 'DESKTOP-PH4CHDP', ip: '192.168.0.15', os.name: 'Windows 10', os.arch: 'amd64', os.version: '10.0', java.version: '1.8.0_101'
Driver info: org.openqa.selenium.chrome.ChromeDriver
Capabilities [{applicationCacheEnabled=false, rotatable=false, mobileEmulationEnabled=false, networkConnectionEnabled=false, chrome={chromedriverVersion=2.29.461591 (62ebf098771772160f391d75e589dc567915b233), userDataDir=C:\Users\sagar\AppData\Local\Temp\scoped_dir7536_18479}, takesHeapSnapshot=true, pageLoadStrategy=normal, databaseEnabled=false, handlesAlerts=true, hasTouchScreen=false, version=59.0.3071.115, platform=XP, browserConnectionEnabled=false, nativeEvents=true, acceptSslCerts=true, locationContextEnabled=true, webStorageEnabled=true, browserName=chrome, takesScreenshot=true, javascriptEnabled=true, cssSelectorsEnabled=true, unexpectedAlertBehaviour=}]
Session ID: ba501820c7e4296304401f771aa03834]]>
            </message>
            <full-stacktrace>
              <![CDATA[org.openqa.selenium.TimeoutException: timeout
  (Session info: chrome=59.0.3071.115)
  (Driver info: chromedriver=2.29.461591 (62ebf098771772160f391d75e589dc567915b233),platform=Windows NT 10.0.14393 x86_64) (WARNING: The server did not provide any stacktrace information)
Command duration or timeout: 40.06 seconds
Build info: version: '2.46.0', revision: '87c69e2', time: '2015-06-04 16:17:10'
System info: host: 'DESKTOP-PH4CHDP', ip: '192.168.0.15', os.name: 'Windows 10', os.arch: 'amd64', os.version: '10.0', java.version: '1.8.0_101'
Driver info: org.openqa.selenium.chrome.ChromeDriver
Capabilities [{applicationCacheEnabled=false, rotatable=false, mobileEmulationEnabled=false, networkConnectionEnabled=false, chrome={chromedriverVersion=2.29.461591 (62ebf098771772160f391d75e589dc567915b233), userDataDir=C:\Users\sagar\AppData\Local\Temp\scoped_dir7536_18479}, takesHeapSnapshot=true, pageLoadStrategy=normal, databaseEnabled=false, handlesAlerts=true, hasTouchScreen=false, version=59.0.3071.115, platform=XP, browserConnectionEnabled=false, nativeEvents=true, acceptSslCerts=true, locationContextEnabled=true, webStorageEnabled=true, browserName=chrome, takesScreenshot=true, javascriptEnabled=true, cssSelectorsEnabled=true, unexpectedAlertBehaviour=}]
Session ID: ba501820c7e4296304401f771aa03834
	at sun.reflect.NativeConstructorAccessorImpl.newInstance0(Native Method)
	at sun.reflect.NativeConstructorAccessorImpl.newInstance(Unknown Source)
	at sun.reflect.DelegatingConstructorAccessorImpl.newInstance(Unknown Source)
	at java.lang.reflect.Constructor.newInstance(Unknown Source)
	at org.openqa.selenium.remote.ErrorHandler.createThrowable(ErrorHandler.java:204)
	at org.openqa.selenium.remote.ErrorHandler.throwIfResponseFailed(ErrorHandler.java:156)
	at org.openqa.selenium.remote.RemoteWebDriver.execute(RemoteWebDriver.java:605)
	at org.openqa.selenium.remote.RemoteWebElement.execute(RemoteWebElement.java:269)
	at org.openqa.selenium.remote.RemoteWebElement.click(RemoteWebElement.java:80)
	at com.ui.test.utilities.KeywordUtility.loginToApplication(KeywordUtility.java:123)
	at com.ui.test.testScripts.testLogin.testValidLogin(testLogin.java:41)
	at sun.reflect.NativeMethodAccessorImpl.invoke0(Native Method)
	at sun.reflect.NativeMethodAccessorImpl.invoke(Unknown Source)
	at sun.reflect.DelegatingMethodAccessorImpl.invoke(Unknown Source)
	at java.lang.reflect.Method.invoke(Unknown Source)
	at org.testng.internal.MethodInvocationHelper.invokeMethod(MethodInvocationHelper.java:84)
	at org.testng.internal.Invoker.invokeMethod(Invoker.java:714)
	at org.testng.internal.Invoker.invokeTestMethod(Invoker.java:901)
	at org.testng.internal.Invoker.invokeTestMethods(Invoker.java:1231)
	at org.testng.internal.TestMethodWorker.invokeTestMethods(TestMethodWorker.java:127)
	at org.testng.internal.TestMethodWorker.run(TestMethodWorker.java:111)
	at org.testng.TestRunner.privateRun(TestRunner.java:767)
	at org.testng.TestRunner.run(TestRunner.java:617)
	at org.testng.SuiteRunner.runTest(SuiteRunner.java:334)
	at org.testng.SuiteRunner.runSequentially(SuiteRunner.java:329)
	at org.testng.SuiteRunner.privateRun(SuiteRunner.java:291)
	at org.testng.SuiteRunner.run(SuiteRunner.java:240)
	at org.testng.SuiteRunnerWorker.runSuite(SuiteRunnerWorker.java:52)
	at org.testng.SuiteRunnerWorker.run(SuiteRunnerWorker.java:86)
	at org.testng.TestNG.runSuitesSequentially(TestNG.java:1224)
	at org.testng.TestNG.runSuitesLocally(TestNG.java:1149)
	at org.testng.TestNG.run(TestNG.java:1057)
	at org.testng.remote.AbstractRemoteTestNG.run(AbstractRemoteTestNG.java:126)
	at org.testng.remote.RemoteTestNG.initAndRun(RemoteTestNG.java:152)
	at org.testng.remote.RemoteTestNG.main(RemoteTestNG.java:57)
]]>
            </full-stacktrace>
          </exception> <!-- org.openqa.selenium.TimeoutException -->
          <reporter-output>
            <line>
              <![CDATA[Called Function : [loginToApplication] with parameters [userName],[password]=>john,demo]]>
            </line>
            <line>
              <![CDATA[Called Function : [findElement] with parameters [elementLocator]=>By.name: username]]>
            </line>
            <line>
              <![CDATA[Called Function : [fluentWait] with parameters [locator]=>By.name: username]]>
            </line>
            <line>
              <![CDATA[Called Function : [isElementVisible] with parameters [locator]=>By.name: username]]>
            </line>
            <line>
              <![CDATA[Element has been Found]]>
            </line>
            <line>
              <![CDATA[Called Function : [findElement] with parameters [elementLocator]=>By.name: password]]>
            </line>
            <line>
              <![CDATA[Called Function : [fluentWait] with parameters [locator]=>By.name: password]]>
            </line>
            <line>
              <![CDATA[Called Function : [isElementVisible] with parameters [locator]=>By.name: password]]>
            </line>
            <line>
              <![CDATA[Element has been Found]]>
            </line>
            <line>
              <![CDATA[Called Function : [findElement] with parameters [elementLocator]=>By.className: button]]>
            </line>
            <line>
              <![CDATA[Called Function : [fluentWait] with parameters [locator]=>By.className: button]]>
            </line>
            <line>
              <![CDATA[Called Function : [isElementVisible] with parameters [locator]=>By.className: button]]>
            </line>
            <line>
              <![CDATA[Element has been Found]]>
            </line>
          </reporter-output>
        </test-method> <!-- testValidLogin -->
        <test-method status="PASS" signature="tearDown()[pri:0, instance:com.ui.test.testScripts.testLogin@5419f379]" name="tearDown" is-config="true" duration-ms="1446" started-at="2017-07-11T23:22:46Z" finished-at="2017-07-11T23:22:47Z">
          <reporter-output>
            <line>
              <![CDATA[Called Function : [closeCurrentBrowser]]]>
            </line>
            <line>
              <![CDATA[Called Function : [closeAllOpenBrowser]]]>
            </line>
          </reporter-output>
        </test-method> <!-- tearDown -->
        <test-method status="FAIL" signature="setUp()[pri:0, instance:com.ui.test.testScripts.testLogin@5419f379]" name="setUp" is-config="true" duration-ms="0" started-at="2017-07-11T23:22:47Z" finished-at="2017-07-11T23:22:47Z">
          <exception class="org.openqa.selenium.remote.SessionNotFoundException">
            <message>
              <![CDATA[Session ID is null. Using WebDriver after calling quit()?
Build info: version: '2.46.0', revision: '87c69e2', time: '2015-06-04 16:17:10'
System info: host: 'DESKTOP-PH4CHDP', ip: '192.168.0.15', os.name: 'Windows 10', os.arch: 'amd64', os.version: '10.0', java.version: '1.8.0_101'
Driver info: driver.version: RemoteWebDriver]]>
            </message>
            <full-stacktrace>
              <![CDATA[org.openqa.selenium.remote.SessionNotFoundException: Session ID is null. Using WebDriver after calling quit()?
Build info: version: '2.46.0', revision: '87c69e2', time: '2015-06-04 16:17:10'
System info: host: 'DESKTOP-PH4CHDP', ip: '192.168.0.15', os.name: 'Windows 10', os.arch: 'amd64', os.version: '10.0', java.version: '1.8.0_101'
Driver info: driver.version: RemoteWebDriver
	at org.openqa.selenium.remote.HttpCommandExecutor.execute(HttpCommandExecutor.java:126)
	at org.openqa.selenium.remote.service.DriverCommandExecutor.execute(DriverCommandExecutor.java:67)
	at org.openqa.selenium.remote.RemoteWebDriver.execute(RemoteWebDriver.java:578)
	at org.openqa.selenium.remote.RemoteWebDriver$RemoteWebDriverOptions$RemoteWindow.maximize(RemoteWebDriver.java:843)
	at com.ui.test.utilities.KeywordUtility.configureDriver(KeywordUtility.java:63)
	at com.ui.test.utilities.KeywordUtility.openURL(KeywordUtility.java:57)
	at com.ui.test.utilities.KeywordUtility.<init>(KeywordUtility.java:45)
	at com.ui.test.testScripts.testLogin.setUp(testLogin.java:30)
	at sun.reflect.NativeMethodAccessorImpl.invoke0(Native Method)
	at sun.reflect.NativeMethodAccessorImpl.invoke(Unknown Source)
	at sun.reflect.DelegatingMethodAccessorImpl.invoke(Unknown Source)
	at java.lang.reflect.Method.invoke(Unknown Source)
	at org.testng.internal.MethodInvocationHelper.invokeMethod(MethodInvocationHelper.java:84)
	at org.testng.internal.Invoker.invokeConfigurationMethod(Invoker.java:564)
	at org.testng.internal.Invoker.invokeConfigurations(Invoker.java:213)
	at org.testng.internal.Invoker.invokeMethod(Invoker.java:653)
	at org.testng.internal.Invoker.invokeTestMethod(Invoker.java:901)
	at org.testng.internal.Invoker.invokeTestMethods(Invoker.java:1231)
	at org.testng.internal.TestMethodWorker.invokeTestMethods(TestMethodWorker.java:127)
	at org.testng.internal.TestMethodWorker.run(TestMethodWorker.java:111)
	at org.testng.TestRunner.privateRun(TestRunner.java:767)
	at org.testng.TestRunner.run(TestRunner.java:617)
	at org.testng.SuiteRunner.runTest(SuiteRunner.java:334)
	at org.testng.SuiteRunner.runSequentially(SuiteRunner.java:329)
	at org.testng.SuiteRunner.privateRun(SuiteRunner.java:291)
	at org.testng.SuiteRunner.run(SuiteRunner.java:240)
	at org.testng.SuiteRunnerWorker.runSuite(SuiteRunnerWorker.java:52)
	at org.testng.SuiteRunnerWorker.run(SuiteRunnerWorker.java:86)
	at org.testng.TestNG.runSuitesSequentially(TestNG.java:1224)
	at org.testng.TestNG.runSuitesLocally(TestNG.java:1149)
	at org.testng.TestNG.run(TestNG.java:1057)
	at org.testng.remote.AbstractRemoteTestNG.run(AbstractRemoteTestNG.java:126)
	at org.testng.remote.RemoteTestNG.initAndRun(RemoteTestNG.java:152)
	at org.testng.remote.RemoteTestNG.main(RemoteTestNG.java:57)
]]>
            </full-stacktrace>
          </exception> <!-- org.openqa.selenium.remote.SessionNotFoundException -->
          <reporter-output>
            <line>
              <![CDATA[Called Function : [readPropertyFile] with parameters [filePath]=>.//config/env.properties]]>
            </line>
            <line>
              <![CDATA[Called Function : [readPropertyFile] with parameters [filePath]=>.//resources/testdata/insuranceAgent/testLogin.properties]]>
            </line>
            <line>
              <![CDATA[Called Function : [openURL] with parameters [URL]=>http://parabank.parasoft.com/parabank/index.htm]]>
            </line>
            <line>
              <![CDATA[Called Function : [configureDriver] with parameters [none]=>None]]>
            </line>
          </reporter-output>
        </test-method> <!-- setUp -->
        <test-method status="SKIP" signature="testinvalidLogin()[pri:0, instance:com.ui.test.testScripts.testLogin@5419f379]" name="testinvalidLogin" duration-ms="1" started-at="2017-07-11T23:22:47Z" description="To Test invalid login fuctionality" finished-at="2017-07-11T23:22:47Z">
          <reporter-output>
          </reporter-output>
        </test-method> <!-- testinvalidLogin -->
        <test-method status="SKIP" signature="tearDown()[pri:0, instance:com.ui.test.testScripts.testLogin@5419f379]" name="tearDown" is-config="true" duration-ms="0" started-at="2017-07-11T23:22:47Z" finished-at="2017-07-11T23:22:47Z">
          <reporter-output>
          </reporter-output>
        </test-method> <!-- tearDown -->
        <test-method status="SKIP" signature="tearDown()[pri:0, instance:com.ui.test.testScripts.testLogin@5419f379]" name="tearDown" is-config="true" duration-ms="0" started-at="2017-07-11T23:22:47Z" finished-at="2017-07-11T23:22:47Z">
          <reporter-output>
          </reporter-output>
        </test-method> <!-- tearDown -->
      </class> <!-- com.ui.test.testScripts.testLogin -->
    </test> <!-- Default test -->
  </suite> <!-- Default suite -->
</testng-results>
